../../../../boehm-gc/dyn_load.c:1419:37: warning: passing argument 1 of ‘_dyld_register_func_for_add_image’ from incompatible pointer type [-Wincompatible-pointer-types]
../../../../boehm-gc/dyn_load.c:1420:40: warning: passing argument 1 of ‘_dyld_register_func_for_remove_image’ from incompatible pointer type [-Wincompatible-pointer-types]
../../../../boehm-gc/dyn_load.c:1433:7: warning: ‘_dyld_bind_fully_image_containing_address’ is deprecated [-Wdeprecated-declarations]
../../../../boehm-gc/gcj_mlc.c:210:6: warning: implicit declaration of function ‘GC_start_debugging’; did you mean ‘GC_store_debug_info’? [-Wimplicit-function-declaration]
../../../../boehm-gc/os_dep.c:3590:5: warning: implicit declaration of function ‘GC_darwin_register_mach_handler_thread’; did you mean ‘GC_unregister_my_thread’? [-Wimplicit-function-declaration]
../../../../libgcc/../gcc/config/initfini-array.h:26:5: warning: "HAVE_INITFINI_ARRAY_SUPPORT" is not defined, evaluates to 0 [-Wundef]
../../../../libgcc/../gcc/gcov-io.c:208:6: warning: "IN_GCOV" is not defined, evaluates to 0 [-Wundef]
../../../../libgcc/../gcc/gcov-io.c:262:6: warning: "IN_GCOV" is not defined, evaluates to 0 [-Wundef]
../../../../libgcc/../gcc/gcov-io.c:30:6: warning: "IN_GCOV" is not defined, evaluates to 0 [-Wundef]
../../../../libgcc/../gcc/gcov-io.c:667:5: warning: "IN_GCOV" is not defined, evaluates to 0 [-Wundef]
../../../../libgcc/../gcc/gcov-io.c:682:6: warning: "IN_GCOV" is not defined, evaluates to 0 [-Wundef]
../../../../libgcc/../gcc/gcov-io.c:882:5: warning: "IN_GCOV" is not defined, evaluates to 0 [-Wundef]
../../../../libgcc/../gcc/gcov-io.h:382:6: warning: "IN_GCOV" is not defined, evaluates to 0 [-Wundef]
../../../../libgcc/../gcc/gcov-io.h:387:6: warning: "IN_GCOV" is not defined, evaluates to 0 [-Wundef]
../../../../libgcc/../gcc/gcov-io.h:395:5: warning: "IN_GCOV" is not defined, evaluates to 0 [-Wundef]
../../../../libgcc/../gcc/gcov-io.h:417:5: warning: "IN_GCOV" is not defined, evaluates to 0 [-Wundef]
../../../../libgcc/config/darwin-crt3.c:525:29: warning: taking address of expression of type ‘void’
../../../../libgcc/config/unwind-dw2-fde-darwin.c:278:1: warning: no previous prototype for ‘_darwin10_Unwind_FindEnclosingFunction’ [-Wmissing-prototypes]
../../../../libgcc/libgcov-driver-system.c:26:6: warning: "IN_GCOV_TOOL" is not defined, evaluates to 0 [-Wundef]
../../../../libgcc/libgcov-driver-system.c:40:5: warning: "IN_GCOV_TOOL" is not defined, evaluates to 0 [-Wundef]
../../../../libgcc/libgcov-driver-system.c:70:6: warning: "IN_GCOV_TOOL" is not defined, evaluates to 0 [-Wundef]
../../../../libgcc/libgcov-driver.c:281:6: warning: "IN_GCOV_TOOL" is not defined, evaluates to 0 [-Wundef]
../../../../libgcc/libgcov-driver.c:49:6: warning: "IN_GCOV_TOOL" is not defined, evaluates to 0 [-Wundef]
../../../../libgcc/libgcov-driver.c:829:6: warning: "IN_GCOV_TOOL" is not defined, evaluates to 0 [-Wundef]
../../../../libgcc/libgcov-driver.c:855:6: warning: "IN_GCOV_TOOL" is not defined, evaluates to 0 [-Wundef]
../../../../libgcc/soft-fp/op-common.h:900:10: warning: this statement may fall through [-Wimplicit-fallthrough=]
../../../../libgcc/soft-fp/op-common.h:913:10: warning: this statement may fall through [-Wimplicit-fallthrough=]
../../../../libgcc/soft-fp/soft-fp.h:213:8: warning: this statement may fall through [-Wimplicit-fallthrough=]
../../../../libgcc/unwind-pe.h:33:5: warning: "__cplusplus" is not defined, evaluates to 0 [-Wundef]
../../../boehm-gc/dyn_load.c:1433:7: warning: ‘_dyld_bind_fully_image_containing_address’ is deprecated [-Wdeprecated-declarations]
../../../boehm-gc/gcj_mlc.c:210:6: warning: implicit declaration of function ‘GC_start_debugging’; did you mean ‘GC_store_debug_info’? [-Wimplicit-function-declaration]
../../../boehm-gc/os_dep.c:3590:5: warning: implicit declaration of function ‘GC_darwin_register_mach_handler_thread’; did you mean ‘GC_unregister_my_thread’? [-Wimplicit-function-declaration]
../../../libgcc/../gcc/config/initfini-array.h:26:5: warning: "HAVE_INITFINI_ARRAY_SUPPORT" is not defined, evaluates to 0 [-Wundef]
../../../libgcc/../gcc/gcov-io.c:208:6: warning: "IN_GCOV" is not defined, evaluates to 0 [-Wundef]
../../../libgcc/../gcc/gcov-io.c:262:6: warning: "IN_GCOV" is not defined, evaluates to 0 [-Wundef]
../../../libgcc/../gcc/gcov-io.c:30:6: warning: "IN_GCOV" is not defined, evaluates to 0 [-Wundef]
../../../libgcc/../gcc/gcov-io.c:667:5: warning: "IN_GCOV" is not defined, evaluates to 0 [-Wundef]
../../../libgcc/../gcc/gcov-io.c:682:6: warning: "IN_GCOV" is not defined, evaluates to 0 [-Wundef]
../../../libgcc/../gcc/gcov-io.c:882:5: warning: "IN_GCOV" is not defined, evaluates to 0 [-Wundef]
../../../libgcc/../gcc/gcov-io.h:382:6: warning: "IN_GCOV" is not defined, evaluates to 0 [-Wundef]
../../../libgcc/../gcc/gcov-io.h:387:6: warning: "IN_GCOV" is not defined, evaluates to 0 [-Wundef]
../../../libgcc/../gcc/gcov-io.h:395:5: warning: "IN_GCOV" is not defined, evaluates to 0 [-Wundef]
../../../libgcc/../gcc/gcov-io.h:417:5: warning: "IN_GCOV" is not defined, evaluates to 0 [-Wundef]
../../../libgcc/config/darwin-crt3.c:525:29: warning: taking address of expression of type ‘void’
../../../libgcc/config/unwind-dw2-fde-darwin.c:162:5: warning: "__LP64__" is not defined, evaluates to 0 [-Wundef]
../../../libgcc/config/unwind-dw2-fde-darwin.c:278:1: warning: no previous prototype for ‘_darwin10_Unwind_FindEnclosingFunction’ [-Wmissing-prototypes]
../../../libgcc/libgcov-driver-system.c:26:6: warning: "IN_GCOV_TOOL" is not defined, evaluates to 0 [-Wundef]
../../../libgcc/libgcov-driver-system.c:40:5: warning: "IN_GCOV_TOOL" is not defined, evaluates to 0 [-Wundef]
../../../libgcc/libgcov-driver-system.c:70:6: warning: "IN_GCOV_TOOL" is not defined, evaluates to 0 [-Wundef]
../../../libgcc/libgcov-driver.c:281:6: warning: "IN_GCOV_TOOL" is not defined, evaluates to 0 [-Wundef]
../../../libgcc/libgcov-driver.c:49:6: warning: "IN_GCOV_TOOL" is not defined, evaluates to 0 [-Wundef]
../../../libgcc/libgcov-driver.c:829:6: warning: "IN_GCOV_TOOL" is not defined, evaluates to 0 [-Wundef]
../../../libgcc/libgcov-driver.c:855:6: warning: "IN_GCOV_TOOL" is not defined, evaluates to 0 [-Wundef]
../../../libgcc/soft-fp/op-common.h:900:10: warning: this statement may fall through [-Wimplicit-fallthrough=]
../../../libgcc/soft-fp/op-common.h:913:10: warning: this statement may fall through [-Wimplicit-fallthrough=]
../../../libgcc/soft-fp/soft-fp.h:213:8: warning: this statement may fall through [-Wimplicit-fallthrough=]
../../../libgcc/unwind-pe.h:33:5: warning: "__cplusplus" is not defined, evaluates to 0 [-Wundef]
../../../libiberty/../include/libiberty.h:107:6: warning: "HAVE_DECL_BASENAME" is not defined, evaluates to 0 [-Wundef]
../../../libiberty/../include/libiberty.h:647:6: warning: "HAVE_DECL_VASPRINTF" is not defined, evaluates to 0 [-Wundef]
../../../libiberty/../include/objalloc.h:83:22: warning: "__NeXT__" is not defined, evaluates to 0 [-Wundef]
../../../libiberty/cp-demangle.c:2360:40: warning: potential null pointer dereference [-Wnull-dereference]
../../../libiberty/cp-demangle.c:2556:37: warning: potential null pointer dereference [-Wnull-dereference]
../../../libiberty/cp-demangle.c:2561:37: warning: potential null pointer dereference [-Wnull-dereference]
../../../libiberty/cp-demangle.c:2566:37: warning: potential null pointer dereference [-Wnull-dereference]
../../../libiberty/cp-demangle.c:2571:37: warning: potential null pointer dereference [-Wnull-dereference]
../../../libiberty/cp-demangle.c:2576:37: warning: potential null pointer dereference [-Wnull-dereference]
../../../libiberty/cp-demangle.c:2581:37: warning: potential null pointer dereference [-Wnull-dereference]
../../../libiberty/cp-demangle.c:2587:14: warning: potential null pointer dereference [-Wnull-dereference]
../../../libiberty/cp-demangle.c:2588:30: warning: potential null pointer dereference [-Wnull-dereference]
../../../libiberty/cp-demangle.c:2607:37: warning: potential null pointer dereference [-Wnull-dereference]
../../../libiberty/cplus-dem.c:1165:27: warning: ‘%s’ directive output between ‘1’ and 18446744069414584320 bytes may exceed minimum required size of 4095 [-Wformat-length=]
../../../libiberty/cplus-dem.c:1649:7: warning: this statement may fall through [-Wimplicit-fallthrough]
../../../libiberty/cplus-dem.c:4021:10: warning: this statement may fall through [-Wimplicit-fallthrough]
../../../libiberty/getopt.c:86:7: warning: "HAVE_LIBINTL_H" is not defined, evaluates to 0 [-Wundef]
../../../libiberty/getopt.c:974:1: warning: no previous prototype for ‘getopt’ [-Wmissing-prototypes]
../../../libiberty/hashtab.c:965:15: warning: this statement may fall through [-Wimplicit-fallthrough]
../../../libiberty/hashtab.c:966:15: warning: this statement may fall through [-Wimplicit-fallthrough]
../../../libiberty/hashtab.c:967:15: warning: this statement may fall through [-Wimplicit-fallthrough]
../../../libiberty/hashtab.c:969:15: warning: this statement may fall through [-Wimplicit-fallthrough]
../../../libiberty/hashtab.c:970:15: warning: this statement may fall through [-Wimplicit-fallthrough]
../../../libiberty/hashtab.c:971:15: warning: this statement may fall through [-Wimplicit-fallthrough]
../../../libiberty/hashtab.c:972:15: warning: this statement may fall through [-Wimplicit-fallthrough]
../../../libiberty/hashtab.c:973:15: warning: this statement may fall through [-Wimplicit-fallthrough]
../../../libiberty/hashtab.c:974:15: warning: this statement may fall through [-Wimplicit-fallthrough]
../../../libiberty/hashtab.c:975:15: warning: this statement may fall through [-Wimplicit-fallthrough]
../../../libiberty/md5.c:234:6: warning: "_STRING_ARCH_unaligned" is not defined, evaluates to 0 [-Wundef]
../../../libiberty/memmem.c:46:1: warning: no previous prototype for ‘memmem’ [-Wmissing-prototypes]
../../../libiberty/mempcpy.c:39:1: warning: no previous prototype for ‘mempcpy’ [-Wmissing-prototypes]
../../../libiberty/objalloc.c:28:5: warning: "VMS" is not defined, evaluates to 0 [-Wundef]
../../../libiberty/obstack.c:210:19: warning: potential null pointer dereference [-Wnull-dereference]
../../../libiberty/obstack.c:211:20: warning: potential null pointer dereference [-Wnull-dereference]
../../../libiberty/obstack.c:324:25: warning: "HAVE_LIBINTL_H" is not defined, evaluates to 0 [-Wundef]
../../../libiberty/obstack.c:353:1: warning: ISO C99 does not support ‘_Noreturn’ [-Wc99-c11-compat]
../../../libiberty/physmem.c:107:5: warning: "HAVE_SYSMP" is not defined, evaluates to 0 [-Wundef]
../../../libiberty/physmem.c:120:5: warning: "HAVE_GETSYSINFO" is not defined, evaluates to 0 [-Wundef]
../../../libiberty/physmem.c:147:5: warning: "HAVE__SYSTEM_CONFIGURATION" is not defined, evaluates to 0 [-Wundef]
../../../libiberty/physmem.c:198:5: warning: "HAVE_PSTAT_GETSTATIC" is not defined, evaluates to 0 [-Wundef]
../../../libiberty/physmem.c:213:5: warning: "HAVE_SYSMP" is not defined, evaluates to 0 [-Wundef]
../../../libiberty/physmem.c:287:5: warning: "DEBUG" is not defined, evaluates to 0 [-Wundef]
../../../libiberty/physmem.c:28:5: warning: "HAVE_SYS_PSTAT_H" is not defined, evaluates to 0 [-Wundef]
../../../libiberty/physmem.c:32:5: warning: "HAVE_SYS_SYSMP_H" is not defined, evaluates to 0 [-Wundef]
../../../libiberty/physmem.c:36:5: warning: "HAVE_SYS_SYSINFO_H" is not defined, evaluates to 0 [-Wundef]
../../../libiberty/physmem.c:41:5: warning: "HAVE_SYS_TABLE_H" is not defined, evaluates to 0 [-Wundef]
../../../libiberty/physmem.c:55:5: warning: "HAVE_SYS_SYSTEMCFG_H" is not defined, evaluates to 0 [-Wundef]
../../../libiberty/physmem.c:94:5: warning: "HAVE_PSTAT_GETSTATIC" is not defined, evaluates to 0 [-Wundef]
../../../libiberty/regex.c:1778:25: warning: this statement may fall through [-Wimplicit-fallthrough]
../../../libiberty/regex.c:2015:7: warning: "__BOUNDED_POINTERS__" is not defined, evaluates to 0 [-Wundef]
../../../libiberty/regex.c:2493:14: warning: this statement may fall through [-Wimplicit-fallthrough]
../../../libiberty/regex.c:4451:6: warning: "_LIBC" is not defined, evaluates to 0 [-Wundef]
../../../libiberty/regex.c:4469:6: warning: "_LIBC" is not defined, evaluates to 0 [-Wundef]
../../../libiberty/regex.c:56:29: warning: "HAVE_WCTYPE_H" is not defined, evaluates to 0 [-Wundef]
../../../libiberty/regex.c:6699:19: warning: this statement may fall through [-Wimplicit-fallthrough]
../../../libiberty/regex.c:7122:7: warning: this statement may fall through [-Wimplicit-fallthrough]
../../../libiberty/regex.c:7455:31: warning: this statement may fall through [-Wimplicit-fallthrough]
../../../libiberty/regex.c:7720:10: warning: this statement may fall through [-Wimplicit-fallthrough]
../../../libiberty/regex.c:98:7: warning: "HAVE_LIBINTL_H" is not defined, evaluates to 0 [-Wundef]
../../../libiberty/setproctitle.c:41:1: warning: no previous prototype for ‘setproctitle’ [-Wmissing-prototypes]
../../../libiberty/sha1.c:232:6: warning: "_STRING_ARCH_unaligned" is not defined, evaluates to 0 [-Wundef]
../../../libiberty/sha1.c:33:5: warning: "USE_UNLOCKED_IO" is not defined, evaluates to 0 [-Wundef]
../../../libiberty/simple-object-coff.c:571:15: warning: ‘%lu’ directive output may be truncated writing between 1 and 10 bytes into a region of size 7 [-Wformat-length=]
../../../libiberty/simple-object-xcoff.c:655:15: warning: ‘%lu’ directive output may be truncated writing between 1 and 10 bytes into a region of size 7 [-Wformat-length=]
../../../libiberty/spaces.c:38:5: warning: "VMS" is not defined, evaluates to 0 [-Wundef]
../../../libiberty/stack-limit.c:47:1: warning: no previous prototype for ‘stack_limit_increase’ [-Wmissing-prototypes]
../../../libiberty/stpncpy.c:42:1: warning: no previous prototype for ‘stpncpy’ [-Wmissing-prototypes]
../../../libiberty/strndup.c:41:1: warning: no previous prototype for ‘strndup’ [-Wmissing-prototypes]
../../../libiberty/strnlen.c:22:1: warning: no previous prototype for ‘strnlen’ [-Wmissing-prototypes]
../../../libiberty/strverscmp.c:90:1: warning: no previous prototype for ‘strverscmp’ [-Wmissing-prototypes]
../../../libiberty/vprintf-support.c:41:1: warning: no previous prototype for ‘libiberty_vprintf_buffer_size’ [-Wmissing-prototypes]
../../../libiberty/xatexit.c:35:5: warning: "VMS" is not defined, evaluates to 0 [-Wundef]
../../../libiberty/xmalloc.c:75:5: warning: "VMS" is not defined, evaluates to 0 [-Wundef]
../../gcc/combine.c:11365:7: warning: this statement may fall through [-Wimplicit-fallthrough]
../../gcc/combine.c:11394:7: warning: this statement may fall through [-Wimplicit-fallthrough]
../../gcc/combine.c:1311:8: warning: ‘prev’ may be used uninitialized in this function [-Wmaybe-uninitialized]
../../gcc/config/darwin.c:1747:61: warning: narrowing conversion of ‘vec_safe_length<cdtor_record, va_gc>(((const vec<cdtor_record, va_gc>*)ctors))’ from ‘unsigned int’ to ‘int’ inside { } [-Wnarrowing]
../../gcc/config/darwin.c:1747:61: warning: narrowing conversion of ‘vec_safe_length<cdtor_record, va_gc>(((const vec<cdtor_record, va_gc>*)ctors))’ from ‘unsigned int’ to ‘int’ inside { } is ill-formed in C++11 [-Wnarrowing]
../../gcc/config/darwin.c:1758:61: warning: narrowing conversion of ‘vec_safe_length<cdtor_record, va_gc>(((const vec<cdtor_record, va_gc>*)dtors))’ from ‘unsigned int’ to ‘int’ inside { } [-Wnarrowing]
../../gcc/config/darwin.c:1758:61: warning: narrowing conversion of ‘vec_safe_length<cdtor_record, va_gc>(((const vec<cdtor_record, va_gc>*)dtors))’ from ‘unsigned int’ to ‘int’ inside { } is ill-formed in C++11 [-Wnarrowing]
../../gcc/config/i386/i386.h:319:5: warning: "TARGET_64BIT_DEFAULT" is not defined, evaluates to 0 [-Wundef]
../../gcc/dwarf2out.c:20734:5: warning: "VMS_DEBUGGING_INFO" is not defined, evaluates to 0 [-Wundef]
../../gcc/dwarf2out.c:2508:5: warning: "VMS_DEBUGGING_INFO" is not defined, evaluates to 0 [-Wundef]
../../gcc/dwarf2out.c:3753:5: warning: "VMS_DEBUGGING_INFO" is not defined, evaluates to 0 [-Wundef]
../../gcc/dwarf2out.c:3761:5: warning: "VMS_DEBUGGING_INFO" is not defined, evaluates to 0 [-Wundef]
../../gcc/flags.h:64:5: warning: "SWITCHABLE_TARGET" is not defined, evaluates to 0 [-Wundef]
../../gcc/fold-const.c:6277:7: warning: this statement may fall through [-Wimplicit-fallthrough]
../../gcc/gcov-io.c:103:6: warning: "IN_LIBGCOV" is not defined, evaluates to 0 [-Wundef]
../../gcc/gcov-io.c:123:5: warning: "IN_LIBGCOV" is not defined, evaluates to 0 [-Wundef]
../../gcc/gcov-io.c:129:5: warning: "IN_LIBGCOV" is not defined, evaluates to 0 [-Wundef]
../../gcc/gcov-io.c:147:6: warning: "IN_LIBGCOV" is not defined, evaluates to 0 [-Wundef]
../../gcc/gcov-io.c:208:6: warning: "IN_GCOV" is not defined, evaluates to 0 [-Wundef]
../../gcc/gcov-io.c:216:6: warning: "IN_LIBGCOV" is not defined, evaluates to 0 [-Wundef]
../../gcc/gcov-io.c:225:6: warning: "IN_LIBGCOV" is not defined, evaluates to 0 [-Wundef]
../../gcc/gcov-io.c:246:6: warning: "IN_LIBGCOV" is not defined, evaluates to 0 [-Wundef]
../../gcc/gcov-io.c:262:6: warning: "IN_GCOV" is not defined, evaluates to 0 [-Wundef]
../../gcc/gcov-io.c:283:5: warning: "IN_LIBGCOV" is not defined, evaluates to 0 [-Wundef]
../../gcc/gcov-io.c:30:6: warning: "IN_GCOV" is not defined, evaluates to 0 [-Wundef]
../../gcc/gcov-io.c:316:5: warning: "IN_LIBGCOV" is not defined, evaluates to 0 [-Wundef]
../../gcc/gcov-io.c:330:6: warning: "IN_LIBGCOV" is not defined, evaluates to 0 [-Wundef]
../../gcc/gcov-io.c:355:6: warning: "IN_LIBGCOV" is not defined, evaluates to 0 [-Wundef]
../../gcc/gcov-io.c:35:6: warning: "IN_LIBGCOV" is not defined, evaluates to 0 [-Wundef]
../../gcc/gcov-io.c:479:5: warning: "IN_LIBGCOV" is not defined, evaluates to 0 [-Wundef]
../../gcc/gcov-io.c:488:5: warning: "IN_LIBGCOV" is not defined, evaluates to 0 [-Wundef]
../../gcc/gcov-io.c:51:5: warning: "IN_LIBGCOV" is not defined, evaluates to 0 [-Wundef]
../../gcc/gcov-io.c:547:6: warning: "IN_LIBGCOV" is not defined, evaluates to 0 [-Wundef]
../../gcc/gcov-io.c:585:5: warning: "IN_LIBGCOV" is not defined, evaluates to 0 [-Wundef]
../../gcc/gcov-io.c:634:6: warning: "IN_LIBGCOV" is not defined, evaluates to 0 [-Wundef]
../../gcc/gcov-io.c:654:5: warning: "IN_LIBGCOV" is not defined, evaluates to 0 [-Wundef]
../../gcc/gcov-io.c:667:5: warning: "IN_GCOV" is not defined, evaluates to 0 [-Wundef]
../../gcc/gcov-io.c:682:6: warning: "IN_GCOV" is not defined, evaluates to 0 [-Wundef]
../../gcc/gcov-io.c:685:5: warning: "IN_LIBGCOV" is not defined, evaluates to 0 [-Wundef]
../../gcc/gcov-io.c:703:5: warning: "IN_LIBGCOV" is not defined, evaluates to 0 [-Wundef]
../../gcc/gcov-io.c:882:22: warning: "IN_LIBGCOV" is not defined, evaluates to 0 [-Wundef]
../../gcc/gcov-io.c:882:5: warning: "IN_GCOV" is not defined, evaluates to 0 [-Wundef]
../../gcc/gcov-io.c:89:5: warning: "IN_LIBGCOV" is not defined, evaluates to 0 [-Wundef]
../../gcc/gcov-io.h:173:5: warning: "IN_GCOV" is not defined, evaluates to 0 [-Wundef]
../../gcc/gcov-io.h:196:5: warning: "IN_LIBGCOV" is not defined, evaluates to 0 [-Wundef]
../../gcc/gcov-io.h:368:6: warning: "IN_LIBGCOV" is not defined, evaluates to 0 [-Wundef]
../../gcc/gcov-io.h:382:6: warning: "IN_GCOV" is not defined, evaluates to 0 [-Wundef]
../../gcc/gcov-io.h:387:18: warning: "IN_LIBGCOV" is not defined, evaluates to 0 [-Wundef]
../../gcc/gcov-io.h:387:6: warning: "IN_GCOV" is not defined, evaluates to 0 [-Wundef]
../../gcc/gcov-io.h:395:22: warning: "IN_LIBGCOV" is not defined, evaluates to 0 [-Wundef]
../../gcc/gcov-io.h:395:5: warning: "IN_GCOV" is not defined, evaluates to 0 [-Wundef]
../../gcc/gcov-io.h:417:5: warning: "IN_GCOV" is not defined, evaluates to 0 [-Wundef]
../../gcc/gcov.c:1057:5: warning: "HAVE_DOS_BASED_FILE_SYSTEM" is not defined, evaluates to 0 [-Wundef]
../../gcc/gcov.c:1217:5: warning: "HAVE_DOS_BASED_FILE_SYSTEM" is not defined, evaluates to 0 [-Wundef]
../../gcc/gcov.c:1295:5: warning: "HAVE_DOS_BASED_FILE_SYSTEM" is not defined, evaluates to 0 [-Wundef]
../../gcc/gcov.c:2099:5: warning: "HAVE_DOS_BASED_FILE_SYSTEM" is not defined, evaluates to 0 [-Wundef]
../../gcc/gcov.c:2253:5: warning: "HAVE_DOS_BASED_FILE_SYSTEM" is not defined, evaluates to 0 [-Wundef]
../../gcc/hwint.h:101:5: warning: "INT64_T_IS_LONG" is not defined, evaluates to 0 [-Wundef]
../../gcc/hwint.h:53:5: warning: "INT64_T_IS_LONG" is not defined, evaluates to 0 [-Wundef]
../../gcc/opts-common.c:1310:49: warning: narrowing conversion of ‘opt_index’ from ‘int’ to ‘size_t {aka long unsigned int}’ inside { } [-Wnarrowing]
../../gcc/opts-common.c:1310:49: warning: narrowing conversion of ‘opt_index’ from ‘int’ to ‘size_t {aka long unsigned int}’ inside { } is ill-formed in C++11 [-Wnarrowing]
../../gcc/pretty-print.c:569:36: warning: narrowing conversion of ‘chr’ from ‘int’ to ‘char’ inside { } [-Wnarrowing]
../../gcc/pretty-print.c:569:36: warning: narrowing conversion of ‘chr’ from ‘int’ to ‘char’ inside { } is ill-formed in C++11 [-Wnarrowing]
../../gcc/tree-ssa-structalias.c:5569:18: warning: narrowing conversion of ‘(offset + foff)’ from ‘long long int’ to ‘long long unsigned int’ inside { } [-Wnarrowing]
../../gcc/tree-ssa-structalias.c:5569:18: warning: narrowing conversion of ‘(offset + foff)’ from ‘long long int’ to ‘long long unsigned int’ inside { } is ill-formed in C++11 [-Wnarrowing]
../../gcc/varasm.c:806:18: warning: ‘len’ may be used uninitialized in this function [-Wmaybe-uninitialized]
../../gcc/vec.h:419:5: warning: "__cpp_constexpr" is not defined, evaluates to 0 [-Wundef]
../../libbacktrace/dwarf.c:2659:9: warning: request for implicit conversion from ‘void *’ to ‘struct unit_addrs *’ not permitted in C++ [-Wc++-compat]
../../libbacktrace/dwarf.c:2788:16: warning: declaration of ‘filename’ shadows a previous local [-Wshadow-compatible-local]
../../libbacktrace/dwarf.c:764:11: warning: declaration of ‘form’ shadows a parameter [-Wshadow-local]
../../libbacktrace/mmapio.c:95:5: warning: identifier ‘const_cast’ conflicts with C++ keyword [-Wc++-compat]
../../libbacktrace/mmapio.c:97:3: warning: identifier ‘const_cast’ conflicts with C++ keyword [-Wc++-compat]
../../libbacktrace/mmapio.c:98:15: warning: identifier ‘const_cast’ conflicts with C++ keyword [-Wc++-compat]
../../libbacktrace/pecoff.c:792:9: warning: request for implicit conversion from ‘const void *’ to ‘const b_coff_external_symbol * {aka const struct <anonymous> *}’ not permitted in C++ [-Wc++-compat]
../../libbacktrace/pecoff.c:793:9: warning: request for implicit conversion from ‘const void *’ to ‘const unsigned char *’ not permitted in C++ [-Wc++-compat]
../../libdecnumber/decNumberLocal.h:196:7: warning: "DECDPUN" is not defined, evaluates to 0 [-Wundef]
../../libdecnumber/decNumberLocal.h:202:9: warning: "DECDPUN" is not defined, evaluates to 0 [-Wundef]
../../libdecnumber/decNumberLocal.h:207:9: warning: "DECDPUN" is not defined, evaluates to 0 [-Wundef]
../../libdecnumber/decNumberLocal.h:212:9: warning: "DECDPUN" is not defined, evaluates to 0 [-Wundef]
../../libdecnumber/decNumberLocal.h:217:9: warning: "DECDPUN" is not defined, evaluates to 0 [-Wundef]
../../libdecnumber/decNumberLocal.h:222:9: warning: "DECDPUN" is not defined, evaluates to 0 [-Wundef]
../../libdecnumber/decNumberLocal.h:227:9: warning: "DECDPUN" is not defined, evaluates to 0 [-Wundef]
../../libdecnumber/decNumberLocal.h:232:9: warning: "DECDPUN" is not defined, evaluates to 0 [-Wundef]
../../libdecnumber/decNumberLocal.h:237:9: warning: "DECDPUN" is not defined, evaluates to 0 [-Wundef]
../../libdecnumber/decNumberLocal.h:258:7: warning: "DECDPUN" is not defined, evaluates to 0 [-Wundef]
../../libdecnumber/decNumberLocal.h:260:9: warning: "DECDPUN" is not defined, evaluates to 0 [-Wundef]
../../libdecnumber/decNumberLocal.h:46:7: warning: "WORDS_BIGENDIAN" is not defined, evaluates to 0 [-Wundef]
../../libiberty/../include/libiberty.h:107:6: warning: "HAVE_DECL_BASENAME" is not defined, evaluates to 0 [-Wundef]
../../libiberty/../include/libiberty.h:647:6: warning: "HAVE_DECL_VASPRINTF" is not defined, evaluates to 0 [-Wundef]
../../libiberty/../include/objalloc.h:83:22: warning: "__NeXT__" is not defined, evaluates to 0 [-Wundef]
../../libiberty/cp-demangle.c:2360:40: warning: potential null pointer dereference [-Wnull-dereference]
../../libiberty/cp-demangle.c:2556:37: warning: potential null pointer dereference [-Wnull-dereference]
../../libiberty/cp-demangle.c:2561:37: warning: potential null pointer dereference [-Wnull-dereference]
../../libiberty/cp-demangle.c:2566:37: warning: potential null pointer dereference [-Wnull-dereference]
../../libiberty/cp-demangle.c:2571:37: warning: potential null pointer dereference [-Wnull-dereference]
../../libiberty/cp-demangle.c:2576:37: warning: potential null pointer dereference [-Wnull-dereference]
../../libiberty/cp-demangle.c:2581:37: warning: potential null pointer dereference [-Wnull-dereference]
../../libiberty/cp-demangle.c:2587:14: warning: potential null pointer dereference [-Wnull-dereference]
../../libiberty/cp-demangle.c:2588:30: warning: potential null pointer dereference [-Wnull-dereference]
../../libiberty/cp-demangle.c:2607:37: warning: potential null pointer dereference [-Wnull-dereference]
../../libiberty/cplus-dem.c:1165:27: warning: ‘%s’ directive output between ‘1’ and 18446744069414584320 bytes may exceed minimum required size of 4095 [-Wformat-length=]
../../libiberty/cplus-dem.c:1649:24: warning: this statement may fall through [-Wimplicit-fallthrough]
../../libiberty/cplus-dem.c:1649:7: warning: this statement may fall through [-Wimplicit-fallthrough=]
../../libiberty/cplus-dem.c:4021:10: warning: this statement may fall through [-Wimplicit-fallthrough=]
../../libiberty/cplus-dem.c:4021:10: warning: this statement may fall through [-Wimplicit-fallthrough]
../../libiberty/getopt.c:86:7: warning: "HAVE_LIBINTL_H" is not defined, evaluates to 0 [-Wundef]
../../libiberty/getopt.c:974:1: warning: no previous prototype for ‘getopt’ [-Wmissing-prototypes]
../../libiberty/hashtab.c:965:15: warning: this statement may fall through [-Wimplicit-fallthrough=]
../../libiberty/hashtab.c:965:15: warning: this statement may fall through [-Wimplicit-fallthrough]
../../libiberty/hashtab.c:966:15: warning: this statement may fall through [-Wimplicit-fallthrough=]
../../libiberty/hashtab.c:966:15: warning: this statement may fall through [-Wimplicit-fallthrough]
../../libiberty/hashtab.c:967:15: warning: this statement may fall through [-Wimplicit-fallthrough=]
../../libiberty/hashtab.c:967:15: warning: this statement may fall through [-Wimplicit-fallthrough]
../../libiberty/hashtab.c:969:15: warning: this statement may fall through [-Wimplicit-fallthrough=]
../../libiberty/hashtab.c:969:15: warning: this statement may fall through [-Wimplicit-fallthrough]
../../libiberty/hashtab.c:970:15: warning: this statement may fall through [-Wimplicit-fallthrough=]
../../libiberty/hashtab.c:970:15: warning: this statement may fall through [-Wimplicit-fallthrough]
../../libiberty/hashtab.c:971:15: warning: this statement may fall through [-Wimplicit-fallthrough=]
../../libiberty/hashtab.c:971:15: warning: this statement may fall through [-Wimplicit-fallthrough]
../../libiberty/hashtab.c:972:15: warning: this statement may fall through [-Wimplicit-fallthrough=]
../../libiberty/hashtab.c:972:15: warning: this statement may fall through [-Wimplicit-fallthrough]
../../libiberty/hashtab.c:973:15: warning: this statement may fall through [-Wimplicit-fallthrough=]
../../libiberty/hashtab.c:973:15: warning: this statement may fall through [-Wimplicit-fallthrough]
../../libiberty/hashtab.c:974:15: warning: this statement may fall through [-Wimplicit-fallthrough=]
../../libiberty/hashtab.c:974:15: warning: this statement may fall through [-Wimplicit-fallthrough]
../../libiberty/hashtab.c:975:15: warning: this statement may fall through [-Wimplicit-fallthrough=]
../../libiberty/hashtab.c:975:15: warning: this statement may fall through [-Wimplicit-fallthrough]
../../libiberty/md5.c:234:6: warning: "_STRING_ARCH_unaligned" is not defined, evaluates to 0 [-Wundef]
../../libiberty/memmem.c:46:1: warning: no previous prototype for ‘memmem’ [-Wmissing-prototypes]
../../libiberty/mempcpy.c:39:1: warning: no previous prototype for ‘mempcpy’ [-Wmissing-prototypes]
../../libiberty/objalloc.c:28:5: warning: "VMS" is not defined, evaluates to 0 [-Wundef]
../../libiberty/obstack.c:210:19: warning: potential null pointer dereference [-Wnull-dereference]
../../libiberty/obstack.c:211:20: warning: potential null pointer dereference [-Wnull-dereference]
../../libiberty/obstack.c:324:25: warning: "HAVE_LIBINTL_H" is not defined, evaluates to 0 [-Wundef]
../../libiberty/obstack.c:353:1: warning: ISO C99 does not support ‘_Noreturn’ [-Wc99-c11-compat]
../../libiberty/physmem.c:107:5: warning: "HAVE_SYSMP" is not defined, evaluates to 0 [-Wundef]
../../libiberty/physmem.c:120:5: warning: "HAVE_GETSYSINFO" is not defined, evaluates to 0 [-Wundef]
../../libiberty/physmem.c:147:5: warning: "HAVE__SYSTEM_CONFIGURATION" is not defined, evaluates to 0 [-Wundef]
../../libiberty/physmem.c:198:5: warning: "HAVE_PSTAT_GETSTATIC" is not defined, evaluates to 0 [-Wundef]
../../libiberty/physmem.c:213:5: warning: "HAVE_SYSMP" is not defined, evaluates to 0 [-Wundef]
../../libiberty/physmem.c:287:5: warning: "DEBUG" is not defined, evaluates to 0 [-Wundef]
../../libiberty/physmem.c:28:5: warning: "HAVE_SYS_PSTAT_H" is not defined, evaluates to 0 [-Wundef]
../../libiberty/physmem.c:32:5: warning: "HAVE_SYS_SYSMP_H" is not defined, evaluates to 0 [-Wundef]
../../libiberty/physmem.c:36:5: warning: "HAVE_SYS_SYSINFO_H" is not defined, evaluates to 0 [-Wundef]
../../libiberty/physmem.c:41:5: warning: "HAVE_SYS_TABLE_H" is not defined, evaluates to 0 [-Wundef]
../../libiberty/physmem.c:55:5: warning: "HAVE_SYS_SYSTEMCFG_H" is not defined, evaluates to 0 [-Wundef]
../../libiberty/physmem.c:94:5: warning: "HAVE_PSTAT_GETSTATIC" is not defined, evaluates to 0 [-Wundef]
../../libiberty/regex.c:1778:25: warning: this statement may fall through [-Wimplicit-fallthrough=]
../../libiberty/regex.c:1778:25: warning: this statement may fall through [-Wimplicit-fallthrough]
../../libiberty/regex.c:2015:7: warning: "__BOUNDED_POINTERS__" is not defined, evaluates to 0 [-Wundef]
../../libiberty/regex.c:2493:14: warning: this statement may fall through [-Wimplicit-fallthrough=]
../../libiberty/regex.c:2494:15: warning: this statement may fall through [-Wimplicit-fallthrough]
../../libiberty/regex.c:4451:6: warning: "_LIBC" is not defined, evaluates to 0 [-Wundef]
../../libiberty/regex.c:4469:6: warning: "_LIBC" is not defined, evaluates to 0 [-Wundef]
../../libiberty/regex.c:56:29: warning: "HAVE_WCTYPE_H" is not defined, evaluates to 0 [-Wundef]
../../libiberty/regex.c:6699:19: warning: this statement may fall through [-Wimplicit-fallthrough=]
../../libiberty/regex.c:6699:19: warning: this statement may fall through [-Wimplicit-fallthrough]
../../libiberty/regex.c:7122:7: warning: this statement may fall through [-Wimplicit-fallthrough=]
../../libiberty/regex.c:7122:7: warning: this statement may fall through [-Wimplicit-fallthrough]
../../libiberty/regex.c:7455:31: warning: this statement may fall through [-Wimplicit-fallthrough=]
../../libiberty/regex.c:7455:31: warning: this statement may fall through [-Wimplicit-fallthrough]
../../libiberty/regex.c:7720:10: warning: this statement may fall through [-Wimplicit-fallthrough=]
../../libiberty/regex.c:7720:10: warning: this statement may fall through [-Wimplicit-fallthrough]
../../libiberty/regex.c:98:7: warning: "HAVE_LIBINTL_H" is not defined, evaluates to 0 [-Wundef]
../../libiberty/setproctitle.c:41:1: warning: no previous prototype for ‘setproctitle’ [-Wmissing-prototypes]
../../libiberty/sha1.c:232:6: warning: "_STRING_ARCH_unaligned" is not defined, evaluates to 0 [-Wundef]
../../libiberty/sha1.c:33:5: warning: "USE_UNLOCKED_IO" is not defined, evaluates to 0 [-Wundef]
../../libiberty/simple-object-coff.c:571:15: warning: ‘%lu’ directive output may be truncated writing between 1 and 10 bytes into a region of size 7 [-Wformat-length=]
../../libiberty/simple-object-xcoff.c:655:15: warning: ‘%lu’ directive output may be truncated writing between 1 and 10 bytes into a region of size 7 [-Wformat-length=]
../../libiberty/spaces.c:38:5: warning: "VMS" is not defined, evaluates to 0 [-Wundef]
../../libiberty/stack-limit.c:47:1: warning: no previous prototype for ‘stack_limit_increase’ [-Wmissing-prototypes]
../../libiberty/stpncpy.c:42:1: warning: no previous prototype for ‘stpncpy’ [-Wmissing-prototypes]
../../libiberty/strndup.c:41:1: warning: no previous prototype for ‘strndup’ [-Wmissing-prototypes]
../../libiberty/strnlen.c:22:1: warning: no previous prototype for ‘strnlen’ [-Wmissing-prototypes]
../../libiberty/strverscmp.c:90:1: warning: no previous prototype for ‘strverscmp’ [-Wmissing-prototypes]
../../libiberty/vprintf-support.c:41:1: warning: no previous prototype for ‘libiberty_vprintf_buffer_size’ [-Wmissing-prototypes]
../../libiberty/xatexit.c:35:5: warning: "VMS" is not defined, evaluates to 0 [-Wundef]
../../libiberty/xmalloc.c:75:5: warning: "VMS" is not defined, evaluates to 0 [-Wundef]
/var/root/gcc-git/libobjc/encoding.c:151:1: warning: ‘_darwin_rs6000_special_round_type_align’ defined but not used [-Wunused-function]
/var/root/gcc-git/my_oddly_named_builddir/prev-i386-apple-darwin9.8.0/libstdc++-v3/include/math.h:114:5: warning: "__STDCPP_WANT_MATH_SPEC_FUNCS__" is not defined, evaluates to 0 [-Wundef]
cc1: warning: ‘-mdynamic-no-pic’ overrides ‘-fpic’, ‘-fPIC’, ‘-fpie’ or ‘-fPIE’
cc1plus: warning: ‘-mdynamic-no-pic’ overrides ‘-fpic’, ‘-fPIC’, ‘-fpie’ or ‘-fPIE’
checking for -single_module linker flag... warning: no debug symbols in executable (-arch i386)
enable-execute-stack.c:33:13: warning: ‘check_enabling’ declared ‘static’ but never defined [-Wunused-function]
gengtype-lex.c:1193:5: warning: "YY_STACK_USED" is not defined, evaluates to 0 [-Wundef]
gengtype-lex.c:2358:5: warning: "YY_ALWAYS_INTERACTIVE" is not defined, evaluates to 0 [-Wundef]
gengtype-lex.c:2652:5: warning: "YY_MAIN" is not defined, evaluates to 0 [-Wundef]
gengtype-lex.c:287:13: warning: this statement may fall through [-Wimplicit-fallthrough=]
gengtype-lex.c:287:13: warning: this statement may fall through [-Wimplicit-fallthrough]
ld warning: can't add line info to anonymous symbol cstring=ELF section name out of range from ../libiberty/libiberty.a(simple-object-elf.o)
ld warning: can't add line info to anonymous symbol cstring=regex_error from .libs/libstdc++.lax/libc++11convenience.a/regex.o
ld warning: can't add line info to anonymous symbol cstring=regex_error from /usr/local/lib/gcc/i386-apple-darwin9.8.0/7.0.0/libstdc++.a(regex.o)
ld warning: can't add line info to anonymous symbol cstring=regex_error from /var/root/gcc-git/my_oddly_named_builddir/i386-apple-darwin9.8.0/libstdc++-v3/src/.libs/libstdc++.a(regex.o)
ld warning: can't add line info to anonymous symbol cstring=regex_error from /var/root/gcc-git/my_oddly_named_builddir/prev-i386-apple-darwin9.8.0/libstdc++-v3/src/.libs/libstdc++.a(regex.o)
ld warning: cannot export hidden symbol __cxxabiv1::__pbase_type_info::__pointer_catch(__cxxabiv1::__pbase_type_info const*, void**, unsigned int) const from .libs/libstdc++.lax/libsupc++convenience.a/pbase_type_info.o
ld warning: cannot export hidden symbol __gnu_cxx::stdio_sync_filebuf<char, std::char_traits<char> >::xsgetn(char*, int) from .libs/libstdc++.lax/libc++11convenience.a/ext11-inst.o
ld warning: cannot export hidden symbol __gnu_cxx::stdio_sync_filebuf<char, std::char_traits<char> >::xsgetn(char*, long) from .libs/libstdc++.lax/libc++11convenience.a/ext11-inst.o
ld warning: cannot export hidden symbol __gnu_cxx::stdio_sync_filebuf<char, std::char_traits<char> >::xsputn(char const*, int) from .libs/libstdc++.lax/libc++11convenience.a/ext11-inst.o
ld warning: cannot export hidden symbol __gnu_cxx::stdio_sync_filebuf<char, std::char_traits<char> >::xsputn(char const*, long) from .libs/libstdc++.lax/libc++11convenience.a/ext11-inst.o
ld warning: cannot export hidden symbol __gnu_cxx::stdio_sync_filebuf<char, std::char_traits<char> >::~stdio_sync_filebuf() from .libs/libstdc++.lax/libc++11convenience.a/ext11-inst.o
ld warning: cannot export hidden symbol __gnu_cxx::stdio_sync_filebuf<wchar_t, std::char_traits<wchar_t> >::xsgetn(wchar_t*, int) from .libs/libstdc++.lax/libc++11convenience.a/ext11-inst.o
ld warning: cannot export hidden symbol __gnu_cxx::stdio_sync_filebuf<wchar_t, std::char_traits<wchar_t> >::xsgetn(wchar_t*, long) from .libs/libstdc++.lax/libc++11convenience.a/ext11-inst.o
ld warning: cannot export hidden symbol __gnu_cxx::stdio_sync_filebuf<wchar_t, std::char_traits<wchar_t> >::xsputn(wchar_t const*, int) from .libs/libstdc++.lax/libc++11convenience.a/ext11-inst.o
ld warning: cannot export hidden symbol __gnu_cxx::stdio_sync_filebuf<wchar_t, std::char_traits<wchar_t> >::xsputn(wchar_t const*, long) from .libs/libstdc++.lax/libc++11convenience.a/ext11-inst.o
ld warning: cannot export hidden symbol __gnu_cxx::stdio_sync_filebuf<wchar_t, std::char_traits<wchar_t> >::~stdio_sync_filebuf() from .libs/libstdc++.lax/libc++11convenience.a/ext11-inst.o
ld warning: cannot export hidden symbol construction vtable for std::basic_iostream<char, std::char_traits<char> >-in-std::__cxx11::basic_stringstream<char, std::char_traits<char>, std::allocator<char> > from .libs/libstdc++.lax/libc++11convenience.a/sstream-inst.o
ld warning: cannot export hidden symbol construction vtable for std::basic_iostream<char, std::char_traits<char> >-in-std::basic_stringstream<char, std::char_traits<char>, std::allocator<char> > from .libs/libstdc++.lax/libc++11convenience.a/cow-sstream-inst.o
ld warning: cannot export hidden symbol construction vtable for std::basic_iostream<char, std::char_traits<char> >-in-std::strstream from .libs/libstdc++.lax/libc++98convenience.a/strstream.o
ld warning: cannot export hidden symbol construction vtable for std::basic_iostream<wchar_t, std::char_traits<wchar_t> >-in-std::__cxx11::basic_stringstream<wchar_t, std::char_traits<wchar_t>, std::allocator<wchar_t> > from .libs/libstdc++.lax/libc++11convenience.a/sstream-inst.o
ld warning: cannot export hidden symbol construction vtable for std::basic_iostream<wchar_t, std::char_traits<wchar_t> >-in-std::basic_stringstream<wchar_t, std::char_traits<wchar_t>, std::allocator<wchar_t> > from .libs/libstdc++.lax/libc++11convenience.a/cow-sstream-inst.o
ld warning: cannot export hidden symbol construction vtable for std::basic_istream<char, std::char_traits<char> >-in-std::__cxx11::basic_istringstream<char, std::char_traits<char>, std::allocator<char> > from .libs/libstdc++.lax/libc++11convenience.a/sstream-inst.o
ld warning: cannot export hidden symbol construction vtable for std::basic_istream<char, std::char_traits<char> >-in-std::__cxx11::basic_stringstream<char, std::char_traits<char>, std::allocator<char> > from .libs/libstdc++.lax/libc++11convenience.a/sstream-inst.o
ld warning: cannot export hidden symbol construction vtable for std::basic_istream<char, std::char_traits<char> >-in-std::basic_istringstream<char, std::char_traits<char>, std::allocator<char> > from .libs/libstdc++.lax/libc++11convenience.a/cow-sstream-inst.o
ld warning: cannot export hidden symbol construction vtable for std::basic_istream<char, std::char_traits<char> >-in-std::basic_stringstream<char, std::char_traits<char>, std::allocator<char> > from .libs/libstdc++.lax/libc++11convenience.a/cow-sstream-inst.o
ld warning: cannot export hidden symbol construction vtable for std::basic_istream<char, std::char_traits<char> >-in-std::istrstream from .libs/libstdc++.lax/libc++98convenience.a/strstream.o
ld warning: cannot export hidden symbol construction vtable for std::basic_istream<char, std::char_traits<char> >-in-std::strstream from .libs/libstdc++.lax/libc++98convenience.a/strstream.o
ld warning: cannot export hidden symbol construction vtable for std::basic_istream<wchar_t, std::char_traits<wchar_t> >-in-std::__cxx11::basic_istringstream<wchar_t, std::char_traits<wchar_t>, std::allocator<wchar_t> > from .libs/libstdc++.lax/libc++11convenience.a/sstream-inst.o
ld warning: cannot export hidden symbol construction vtable for std::basic_istream<wchar_t, std::char_traits<wchar_t> >-in-std::__cxx11::basic_stringstream<wchar_t, std::char_traits<wchar_t>, std::allocator<wchar_t> > from .libs/libstdc++.lax/libc++11convenience.a/sstream-inst.o
ld warning: cannot export hidden symbol construction vtable for std::basic_istream<wchar_t, std::char_traits<wchar_t> >-in-std::basic_istringstream<wchar_t, std::char_traits<wchar_t>, std::allocator<wchar_t> > from .libs/libstdc++.lax/libc++11convenience.a/cow-sstream-inst.o
ld warning: cannot export hidden symbol construction vtable for std::basic_istream<wchar_t, std::char_traits<wchar_t> >-in-std::basic_stringstream<wchar_t, std::char_traits<wchar_t>, std::allocator<wchar_t> > from .libs/libstdc++.lax/libc++11convenience.a/cow-sstream-inst.o
ld warning: cannot export hidden symbol construction vtable for std::basic_ostream<char, std::char_traits<char> >-in-std::__cxx11::basic_ostringstream<char, std::char_traits<char>, std::allocator<char> > from .libs/libstdc++.lax/libc++11convenience.a/sstream-inst.o
ld warning: cannot export hidden symbol construction vtable for std::basic_ostream<char, std::char_traits<char> >-in-std::__cxx11::basic_stringstream<char, std::char_traits<char>, std::allocator<char> > from .libs/libstdc++.lax/libc++11convenience.a/sstream-inst.o
ld warning: cannot export hidden symbol construction vtable for std::basic_ostream<char, std::char_traits<char> >-in-std::basic_ostringstream<char, std::char_traits<char>, std::allocator<char> > from .libs/libstdc++.lax/libc++11convenience.a/cow-sstream-inst.o
ld warning: cannot export hidden symbol construction vtable for std::basic_ostream<char, std::char_traits<char> >-in-std::basic_stringstream<char, std::char_traits<char>, std::allocator<char> > from .libs/libstdc++.lax/libc++11convenience.a/cow-sstream-inst.o
ld warning: cannot export hidden symbol construction vtable for std::basic_ostream<char, std::char_traits<char> >-in-std::ostrstream from .libs/libstdc++.lax/libc++98convenience.a/strstream.o
ld warning: cannot export hidden symbol construction vtable for std::basic_ostream<char, std::char_traits<char> >-in-std::strstream from .libs/libstdc++.lax/libc++98convenience.a/strstream.o
ld warning: cannot export hidden symbol construction vtable for std::basic_ostream<wchar_t, std::char_traits<wchar_t> >-in-std::__cxx11::basic_ostringstream<wchar_t, std::char_traits<wchar_t>, std::allocator<wchar_t> > from .libs/libstdc++.lax/libc++11convenience.a/sstream-inst.o
ld warning: cannot export hidden symbol construction vtable for std::basic_ostream<wchar_t, std::char_traits<wchar_t> >-in-std::__cxx11::basic_stringstream<wchar_t, std::char_traits<wchar_t>, std::allocator<wchar_t> > from .libs/libstdc++.lax/libc++11convenience.a/sstream-inst.o
ld warning: cannot export hidden symbol construction vtable for std::basic_ostream<wchar_t, std::char_traits<wchar_t> >-in-std::basic_ostringstream<wchar_t, std::char_traits<wchar_t>, std::allocator<wchar_t> > from .libs/libstdc++.lax/libc++11convenience.a/cow-sstream-inst.o
ld warning: cannot export hidden symbol construction vtable for std::basic_ostream<wchar_t, std::char_traits<wchar_t> >-in-std::basic_stringstream<wchar_t, std::char_traits<wchar_t>, std::allocator<wchar_t> > from .libs/libstdc++.lax/libc++11convenience.a/cow-sstream-inst.o
ld warning: cannot export hidden symbol std::__cxx11::basic_stringbuf<char, std::char_traits<char>, std::allocator<char> >::~basic_stringbuf() from .libs/libstdc++.lax/libc++11convenience.a/sstream-inst.o
ld warning: cannot export hidden symbol std::__cxx11::basic_stringbuf<char, std::char_traits<char>, std::allocator<char> >::~basic_stringbuf() from .libs/libstdc++.lax/libc++98convenience.a/complex_io.o
ld warning: cannot export hidden symbol std::__cxx11::basic_stringbuf<wchar_t, std::char_traits<wchar_t>, std::allocator<wchar_t> >::~basic_stringbuf() from .libs/libstdc++.lax/libc++11convenience.a/sstream-inst.o
ld warning: cannot export hidden symbol std::__cxx11::basic_stringbuf<wchar_t, std::char_traits<wchar_t>, std::allocator<wchar_t> >::~basic_stringbuf() from .libs/libstdc++.lax/libc++98convenience.a/complex_io.o
ld warning: cannot export hidden symbol std::basic_stringbuf<char, std::char_traits<char>, std::allocator<char> >::~basic_stringbuf() from .libs/libstdc++.lax/libc++11convenience.a/cow-sstream-inst.o
ld warning: cannot export hidden symbol std::basic_stringbuf<wchar_t, std::char_traits<wchar_t>, std::allocator<wchar_t> >::~basic_stringbuf() from .libs/libstdc++.lax/libc++11convenience.a/cow-sstream-inst.o
ld warning: cannot export hidden symbol std::ctype<char>::do_narrow(char const*, char const*, char, char*) const from .libs/libstdc++.lax/libc++11convenience.a/ctype.o
ld warning: cannot export hidden symbol std::ctype<char>::do_narrow(char const*, char const*, char, char*) const from .libs/libstdc++.lax/libc++11convenience.a/ctype_members.o
ld warning: cannot export hidden symbol std::ctype<char>::do_narrow(char, char) const from .libs/libstdc++.lax/libc++11convenience.a/ctype.o
ld warning: cannot export hidden symbol std::ctype<char>::do_narrow(char, char) const from .libs/libstdc++.lax/libc++11convenience.a/ctype_members.o
ld warning: cannot export hidden symbol std::ctype<char>::do_narrow(char, char) const from .libs/libstdc++.lax/libc++11convenience.a/cxx11-locale-inst.o
ld warning: cannot export hidden symbol std::ctype<char>::do_narrow(char, char) const from .libs/libstdc++.lax/libc++11convenience.a/ios-inst.o
ld warning: cannot export hidden symbol std::ctype<char>::do_narrow(char, char) const from .libs/libstdc++.lax/libc++11convenience.a/locale-inst.o
ld warning: cannot export hidden symbol std::ctype<char>::do_widen(char const*, char const*, char*) const from .libs/libstdc++.lax/libc++11convenience.a/ctype.o
ld warning: cannot export hidden symbol std::ctype<char>::do_widen(char const*, char const*, char*) const from .libs/libstdc++.lax/libc++11convenience.a/ctype_members.o
ld warning: cannot export hidden symbol std::ctype<char>::do_widen(char const*, char const*, char*) const from .libs/libstdc++.lax/libc++11convenience.a/cxx11-locale-inst.o
ld warning: cannot export hidden symbol std::ctype<char>::do_widen(char const*, char const*, char*) const from .libs/libstdc++.lax/libc++11convenience.a/locale-inst.o
ld warning: cannot export hidden symbol std::ctype<char>::do_widen(char) const from .libs/libstdc++.lax/libc++11convenience.a/cow-string-inst.o
ld warning: cannot export hidden symbol std::ctype<char>::do_widen(char) const from .libs/libstdc++.lax/libc++11convenience.a/ctype.o
ld warning: cannot export hidden symbol std::ctype<char>::do_widen(char) const from .libs/libstdc++.lax/libc++11convenience.a/ctype_members.o
ld warning: cannot export hidden symbol std::ctype<char>::do_widen(char) const from .libs/libstdc++.lax/libc++11convenience.a/cxx11-locale-inst.o
ld warning: cannot export hidden symbol std::ctype<char>::do_widen(char) const from .libs/libstdc++.lax/libc++11convenience.a/ios-inst.o
ld warning: cannot export hidden symbol std::ctype<char>::do_widen(char) const from .libs/libstdc++.lax/libc++11convenience.a/istream-inst.o
ld warning: cannot export hidden symbol std::ctype<char>::do_widen(char) const from .libs/libstdc++.lax/libc++11convenience.a/locale-inst.o
ld warning: cannot export hidden symbol std::ctype<char>::do_widen(char) const from .libs/libstdc++.lax/libc++11convenience.a/ostream-inst.o
ld warning: cannot export hidden symbol std::ctype<char>::do_widen(char) const from .libs/libstdc++.lax/libc++98convenience.a/misc-inst.o
